<?xml version="1.0" encoding="UTF-8"?>
<!-- Generated by org.testng.reporters.JUnitReportReporter -->
<testsuite hostname="LAPTOP-CFJQRAR0" failures="0" tests="6" name="testCases.TC001_AccountRegistration" time="93.973" errors="0" timestamp="2025-08-09T02:20:00 IST" skipped="0">
  <testcase classname="testCases.TC001_AccountRegistration" name="verify_account_registration_DontCheckPrivacyPolicy" time="11.128"/>
  <testcase classname="testCases.TC001_AccountRegistration" name="verify_account_registration" time="8.089"/>
  <testcase classname="testCases.TC001_AccountRegistration" name="verify_account_registration_EmailConfirmation" time="8.298"/>
  <testcase classname="testCases.TC001_AccountRegistration" name="verify_account_registration_Newsletter_No_Validation" time="36.537"/>
  <testcase classname="testCases.TC001_AccountRegistration" name="verify_account_registration_Newsletter_yes_Validation" time="8.681"/>
  <testcase classname="testCases.TC001_AccountRegistration" name="verify_account_registration_Different_password" time="21.240"/>
</testsuite> <!-- testCases.TC001_AccountRegistration -->
