<?xml version="1.0" encoding="UTF-8"?>
<!-- Generated by org.testng.reporters.JUnitReportReporter -->
<testsuite hostname="LAPTOP-CFJQRAR0" failures="0" tests="4" name="testCases.TC002_LoginTest" time="29.764" errors="0" timestamp="2025-08-11T08:10:58 IST" skipped="0">
  <testcase classname="testCases.TC002_LoginTest" name="verify_login_Valid_Credentials" time="5.192"/>
  <testcase classname="testCases.TC002_LoginTest" name="verify_login_inValid_Credentials" time="7.623"/>
  <testcase classname="testCases.TC002_LoginTest" name="verify_login_inValid_pwd" time="9.101"/>
  <testcase classname="testCases.TC002_LoginTest" name="verify_login_inValid_pwd_Email" time="7.848"/>
</testsuite> <!-- testCases.TC002_LoginTest -->
