<?xml version="1.0" encoding="UTF-8"?>
<!-- Generated by org.testng.reporters.JUnitReportReporter -->
<testsuite hostname="LAPTOP-CFJQRAR0" failures="0" tests="10" name="testCases.TC001_AccountRegistration" time="85.486" errors="0" timestamp="2025-08-11T07:41:18 IST" skipped="0">
  <testcase classname="testCases.TC001_AccountRegistration" name="verify_account_registration" time="9.812"/>
  <testcase classname="testCases.TC001_AccountRegistration" name="verify_account_registration_EmailConfirmation" time="6.762"/>
  <testcase classname="testCases.TC001_AccountRegistration" name="verify_account_registration_Newsletter_No_Validation" time="9.915"/>
  <testcase classname="testCases.TC001_AccountRegistration" name="verify_account_registration_Newsletter_yes_Validation" time="6.284"/>
  <testcase classname="testCases.TC001_AccountRegistration" name="verify_account_registration_Different_password" time="8.921"/>
  <testcase classname="testCases.TC001_AccountRegistration" name="verify_account_registration_DontCheckPrivacyPolicy" time="8.321"/>
  <testcase classname="testCases.TC001_AccountRegistration" name="verify_account_registration_AlreadyExistEmail" time="10.939"/>
  <testcase classname="testCases.TC001_AccountRegistration" name="verify_account_registration_InvalidaEmail" time="8.348"/>
  <testcase classname="testCases.TC001_AccountRegistration" name="verify_account_registration_FirstNameMandatory" time="9.348"/>
  <testcase classname="testCases.TC001_AccountRegistration" name="verify_account_registration_NoConfirmationPwd" time="6.836"/>
</testsuite> <!-- testCases.TC001_AccountRegistration -->
