<?xml version="1.0" encoding="UTF-8"?>
<!-- Generated by org.testng.reporters.JUnitReportReporter -->
<testsuite hostname="LAPTOP-CFJQRAR0" failures="0" tests="1" name="testCases.NewTest" time="0.002" errors="0" timestamp="2025-08-06T00:32:16 IST" skipped="0">
  <testcase classname="testCases.NewTest" name="f" time="0.002"/>
</testsuite> <!-- testCases.NewTest -->
