<?xml version="1.0" encoding="UTF-8"?>
<!-- Generated by org.testng.reporters.JUnitReportReporter -->
<testsuite hostname="LAPTOP-CFJQRAR0" failures="0" tests="2" name="testCases.TC001_AccountRegistration" time="18.491" errors="0" timestamp="2025-08-08T19:08:36 IST" skipped="0">
  <testcase classname="testCases.TC001_AccountRegistration" name="verify_account_registration_EmailConfirmation" time="8.739"/>
  <testcase classname="testCases.TC001_AccountRegistration" name="verify_account_registration" time="9.752"/>
</testsuite> <!-- testCases.TC001_AccountRegistration -->
