<?xml version="1.0" encoding="UTF-8"?>
<!-- Generated by org.testng.reporters.JUnitReportReporter -->
<testsuite hostname="LAPTOP-CFJQRAR0" failures="0" tests="1" name="testCases.TC002_LoginTest" time="10.449" errors="0" timestamp="2025-09-23T09:51:31 IST" skipped="0">
  <testcase classname="testCases.TC002_LoginTest" name="verify_login_inValidLogin" time="10.449"/>
</testsuite> <!-- testCases.TC002_LoginTest -->
