<?xml version="1.0" encoding="UTF-8"?>
<!-- Generated by org.testng.reporters.JUnitReportReporter -->
<testsuite hostname="LAPTOP-CFJQRAR0" failures="0" tests="8" name="testCases.TC001_AccountRegistration" time="76.939" errors="0" timestamp="2025-08-10T18:34:02 IST" skipped="0">
  <testcase classname="testCases.TC001_AccountRegistration" name="verify_account_registration" time="16.514"/>
  <testcase classname="testCases.TC001_AccountRegistration" name="verify_account_registration_EmailConfirmation" time="6.295"/>
  <testcase classname="testCases.TC001_AccountRegistration" name="verify_account_registration_Newsletter_No_Validation" time="5.960"/>
  <testcase classname="testCases.TC001_AccountRegistration" name="verify_account_registration_Newsletter_yes_Validation" time="7.492"/>
  <testcase classname="testCases.TC001_AccountRegistration" name="verify_account_registration_Different_password" time="18.950"/>
  <testcase classname="testCases.TC001_AccountRegistration" name="verify_account_registration_DontCheckPrivacyPolicy" time="8.045"/>
  <testcase classname="testCases.TC001_AccountRegistration" name="verify_account_registration_AlreadyExistEmail" time="6.898"/>
  <testcase classname="testCases.TC001_AccountRegistration" name="verify_account_registration_InvalidaEmail" time="6.785"/>
</testsuite> <!-- testCases.TC001_AccountRegistration -->
