<?xml version="1.0" encoding="UTF-8"?>
<!-- Generated by org.testng.reporters.JUnitReportReporter -->
<testsuite hostname="LAPTOP-CFJQRAR0" failures="0" tests="10" name="testCases.TC002_LoginTest" time="74.534" errors="0" timestamp="2025-09-23T09:04:20 IST" skipped="0">
  <testcase classname="testCases.TC002_LoginTest" name="verify_login_Valid_Credentials" time="8.174"/>
  <testcase classname="testCases.TC002_LoginTest" name="verify_login_inValid_Credentials" time="9.020"/>
  <testcase classname="testCases.TC002_LoginTest" name="verify_login_inValid_pwd" time="8.782"/>
  <testcase classname="testCases.TC002_LoginTest" name="verify_login_inValid_pwd_Email" time="7.090"/>
  <testcase classname="testCases.TC002_LoginTest" name="verify_login_withoutEmail_pwd" time="7.246"/>
  <testcase classname="testCases.TC002_LoginTest" name="verify_login_Forget_Password_Evaluation" time="6.978"/>
  <testcase classname="testCases.TC002_LoginTest" name="verify_login_Login_navigate_To_Different_pages" time="7.598"/>
  <testcase classname="testCases.TC002_LoginTest" name="verify_login_Login_navigate_To_Different_pages_windows" time="7.340"/>
  <testcase classname="testCases.TC002_LoginTest" name="verify_login_Regisert_Account_Text_validation" time="6.350"/>
  <testcase classname="testCases.TC002_LoginTest" name="verify_login_options_Available_on_LoginPage" time="5.956"/>
</testsuite> <!-- testCases.TC002_LoginTest -->
