<?xml version="1.0" encoding="UTF-8"?>
<!-- Generated by org.testng.reporters.JUnitReportReporter -->
<testsuite hostname="LAPTOP-CFJQRAR0" failures="0" tests="2" name="testCases.TC002_LoginTest" time="14.842" errors="0" timestamp="2025-08-11T07:41:18 IST" skipped="0">
  <testcase classname="testCases.TC002_LoginTest" name="verify_login_Valid_Credentials" time="8.194"/>
  <testcase classname="testCases.TC002_LoginTest" name="verify_login_inValid_Credentials" time="6.648"/>
</testsuite> <!-- testCases.TC002_LoginTest -->
