<?xml version="1.0" encoding="UTF-8"?>
<!-- Generated by org.testng.reporters.JUnitReportReporter -->
<testsuite hostname="LAPTOP-CFJQRAR0" failures="0" tests="10" name="testCases.TC001_AccountRegistration" time="82.923" errors="0" timestamp="2025-08-11T07:47:19 IST" skipped="0">
  <testcase classname="testCases.TC001_AccountRegistration" name="verify_account_registration" time="7.478"/>
  <testcase classname="testCases.TC001_AccountRegistration" name="verify_account_registration_EmailConfirmation" time="7.927"/>
  <testcase classname="testCases.TC001_AccountRegistration" name="verify_account_registration_Newsletter_No_Validation" time="8.903"/>
  <testcase classname="testCases.TC001_AccountRegistration" name="verify_account_registration_Newsletter_yes_Validation" time="7.765"/>
  <testcase classname="testCases.TC001_AccountRegistration" name="verify_account_registration_Different_password" time="8.541"/>
  <testcase classname="testCases.TC001_AccountRegistration" name="verify_account_registration_DontCheckPrivacyPolicy" time="12.464"/>
  <testcase classname="testCases.TC001_AccountRegistration" name="verify_account_registration_AlreadyExistEmail" time="6.656"/>
  <testcase classname="testCases.TC001_AccountRegistration" name="verify_account_registration_InvalidaEmail" time="8.598"/>
  <testcase classname="testCases.TC001_AccountRegistration" name="verify_account_registration_FirstNameMandatory" time="7.247"/>
  <testcase classname="testCases.TC001_AccountRegistration" name="verify_account_registration_NoConfirmationPwd" time="7.344"/>
</testsuite> <!-- testCases.TC001_AccountRegistration -->
