<?xml version="1.0" encoding="UTF-8"?>
<!-- Generated by org.testng.reporters.JUnitReportReporter -->
<testsuite hostname="LAPTOP-CFJQRAR0" failures="0" tests="10" name="testCases.TC001_AccountRegistration" time="95.130" errors="0" timestamp="2025-08-10T19:13:34 IST" skipped="0">
  <testcase classname="testCases.TC001_AccountRegistration" name="verify_account_registration_NoConfirmationPwd" time="7.909"/>
  <testcase classname="testCases.TC001_AccountRegistration" name="verify_account_registration" time="8.841"/>
  <testcase classname="testCases.TC001_AccountRegistration" name="verify_account_registration_EmailConfirmation" time="10.208"/>
  <testcase classname="testCases.TC001_AccountRegistration" name="verify_account_registration_Newsletter_No_Validation" time="10.798"/>
  <testcase classname="testCases.TC001_AccountRegistration" name="verify_account_registration_Newsletter_yes_Validation" time="9.275"/>
  <testcase classname="testCases.TC001_AccountRegistration" name="verify_account_registration_Different_password" time="8.612"/>
  <testcase classname="testCases.TC001_AccountRegistration" name="verify_account_registration_DontCheckPrivacyPolicy" time="14.462"/>
  <testcase classname="testCases.TC001_AccountRegistration" name="verify_account_registration_AlreadyExistEmail" time="7.102"/>
  <testcase classname="testCases.TC001_AccountRegistration" name="verify_account_registration_InvalidaEmail" time="9.894"/>
  <testcase classname="testCases.TC001_AccountRegistration" name="verify_account_registration_FirstNameMandatory" time="8.029"/>
</testsuite> <!-- testCases.TC001_AccountRegistration -->
