<?xml version="1.0" encoding="UTF-8"?>
<!-- Generated by org.testng.reporters.JUnitReportReporter -->
<testsuite hostname="LAPTOP-CFJQRAR0" failures="0" tests="1" name="testCases.TC001_AccountRegistration" time="4.079" errors="0" timestamp="2025-08-06T03:21:22 IST" skipped="0">
  <testcase classname="testCases.TC001_AccountRegistration" name="verify_account_registration" time="4.079"/>
</testsuite> <!-- testCases.TC001_AccountRegistration -->
