<?xml version="1.0" encoding="UTF-8"?>
<!-- Generated by org.testng.reporters.JUnitReportReporter -->
<testsuite hostname="LAPTOP-CFJQRAR0" failures="0" tests="10" name="testCases.TC001_AccountRegistration" time="141.635" errors="0" timestamp="2025-08-13T23:26:30 IST" skipped="0">
  <testcase classname="testCases.TC001_AccountRegistration" name="verify_account_registration" time="17.365"/>
  <testcase classname="testCases.TC001_AccountRegistration" name="verify_account_registration_EmailConfirmation" time="16.236"/>
  <testcase classname="testCases.TC001_AccountRegistration" name="verify_account_registration_Newsletter_No_Validation" time="18.398"/>
  <testcase classname="testCases.TC001_AccountRegistration" name="verify_account_registration_Newsletter_yes_Validation" time="28.362"/>
  <testcase classname="testCases.TC001_AccountRegistration" name="verify_account_registration_Different_password" time="8.328"/>
  <testcase classname="testCases.TC001_AccountRegistration" name="verify_account_registration_DontCheckPrivacyPolicy" time="11.071"/>
  <testcase classname="testCases.TC001_AccountRegistration" name="verify_account_registration_AlreadyExistEmail" time="9.797"/>
  <testcase classname="testCases.TC001_AccountRegistration" name="verify_account_registration_InvalidaEmail" time="14.428"/>
  <testcase classname="testCases.TC001_AccountRegistration" name="verify_account_registration_FirstNameMandatory" time="8.464"/>
  <testcase classname="testCases.TC001_AccountRegistration" name="verify_account_registration_NoConfirmationPwd" time="9.186"/>
</testsuite> <!-- testCases.TC001_AccountRegistration -->
