<?xml version="1.0" encoding="UTF-8"?>
<!-- Generated by org.testng.reporters.JUnitReportReporter -->
<testsuite hostname="LAPTOP-CFJQRAR0" failures="0" tests="1" name="testCases.TC002_LoginTest" time="8.035" errors="0" timestamp="2025-08-09T02:49:40 IST" skipped="0">
  <testcase classname="testCases.TC002_LoginTest" name="verify_login" time="8.035"/>
</testsuite> <!-- testCases.TC002_LoginTest -->
