<?xml version="1.0" encoding="UTF-8"?>
<!-- Generated by org.testng.reporters.JUnitReportReporter -->
<testsuite hostname="LAPTOP-CFJQRAR0" failures="0" tests="10" name="testCases.TC001_AccountRegistration" time="129.346" errors="0" timestamp="2025-09-23T09:04:20 IST" skipped="0">
  <testcase classname="testCases.TC001_AccountRegistration" name="verify_account_registration" time="12.642"/>
  <testcase classname="testCases.TC001_AccountRegistration" name="verify_account_registration_EmailConfirmation" time="10.150"/>
  <testcase classname="testCases.TC001_AccountRegistration" name="verify_account_registration_Newsletter_No_Validation" time="8.708"/>
  <testcase classname="testCases.TC001_AccountRegistration" name="verify_account_registration_Newsletter_yes_Validation" time="15.152"/>
  <testcase classname="testCases.TC001_AccountRegistration" name="verify_account_registration_Different_password" time="9.179"/>
  <testcase classname="testCases.TC001_AccountRegistration" name="verify_account_registration_DontCheckPrivacyPolicy" time="13.663"/>
  <testcase classname="testCases.TC001_AccountRegistration" name="verify_account_registration_AlreadyExistEmail" time="11.387"/>
  <testcase classname="testCases.TC001_AccountRegistration" name="verify_account_registration_InvalidaEmail" time="10.153"/>
  <testcase classname="testCases.TC001_AccountRegistration" name="verify_account_registration_FirstNameMandatory" time="26.577"/>
  <testcase classname="testCases.TC001_AccountRegistration" name="verify_account_registration_NoConfirmationPwd" time="11.735"/>
</testsuite> <!-- testCases.TC001_AccountRegistration -->
