<?xml version="1.0" encoding="UTF-8"?>
<!-- Generated by org.testng.reporters.JUnitReportReporter -->
<testsuite hostname="LAPTOP-CFJQRAR0" failures="0" tests="7" name="testCases.TC001_AccountRegistration" time="52.757" errors="0" timestamp="2025-08-10T18:12:28 IST" skipped="0">
  <testcase classname="testCases.TC001_AccountRegistration" name="verify_account_registration" time="9.268"/>
  <testcase classname="testCases.TC001_AccountRegistration" name="verify_account_registration_EmailConfirmation" time="6.595"/>
  <testcase classname="testCases.TC001_AccountRegistration" name="verify_account_registration_Newsletter_No_Validation" time="9.012"/>
  <testcase classname="testCases.TC001_AccountRegistration" name="verify_account_registration_Newsletter_yes_Validation" time="6.652"/>
  <testcase classname="testCases.TC001_AccountRegistration" name="verify_account_registration_Different_password" time="6.631"/>
  <testcase classname="testCases.TC001_AccountRegistration" name="verify_account_registration_DontCheckPrivacyPolicy" time="7.812"/>
  <testcase classname="testCases.TC001_AccountRegistration" name="verify_account_registration_AlreadyExistEmail" time="6.787"/>
</testsuite> <!-- testCases.TC001_AccountRegistration -->
