<?xml version="1.0" encoding="UTF-8"?>
<!-- Generated by org.testng.reporters.JUnitReportReporter -->
<testsuite hostname="LAPTOP-CFJQRAR0" failures="0" tests="2" name="testCases.TC002_LoginTest" time="19.526" errors="0" timestamp="2025-08-16T17:30:24 IST" skipped="0">
  <testcase classname="testCases.TC002_LoginTest" name="verify_login_Regisert_Account_Text_validation" time="9.701"/>
  <testcase classname="testCases.TC002_LoginTest" name="verify_login_options_Available_on_LoginPage" time="9.825"/>
</testsuite> <!-- testCases.TC002_LoginTest -->
